<?xml version="1.0" encoding="UTF-8"?>
<!-- Generated by org.testng.reporters.JUnitReportReporter -->
<testsuite skipped="0" hostname="DESKTOP-IGV8S85" name="com.inetbanking.TestCase.TC_LoginTest_001" tests="1" failures="0" timestamp="2022-05-27T12:21:33 IST" time="6.081" errors="0">
  <testcase name="LoginTest" time="6.081" classname="com.inetbanking.TestCase.TC_LoginTest_001"/>
  <system-out/>
</testsuite> <!-- com.inetbanking.TestCase.TC_LoginTest_001 -->
